<?xml version="1.0" encoding="UTF-8"?><testrun name="ParaBankR" project="lib" tests="1" started="1" failures="1" errors="0" ignored="0">
  <testsuite name="com.sophos.semillero.runner.ParaBankR" time="20.618">
    <testsuite name="Crear una cuenta bancaria" time="20.618">
      <testcase name="Buscar producto" classname="Crear una cuenta bancaria" time="20.618">
        <failure>java.lang.AssertionError: invalid selector: Unable to locate an element with the xpath expression 23889 because of the following error:
TypeError: Failed to execute 'evaluate' on 'Document': The result is not a node set, and therefore cannot be converted to the desired type.
  (Session info: chrome=91.0.4472.114)
For documentation on this error, please visit: https://www.seleniumhq.org/exceptions/invalid_selector_exception.html
Build info: version: '3.141.59', revision: 'e82be7d358', time: '2018-11-14T08:17:03'
System info: host: 'SSMED5CG1081CW0', ip: '192.168.0.105', os.name: 'Windows 10', os.arch: 'amd64', os.version: '10.0', java.version: '15.0.2'
Driver info: org.openqa.selenium.chrome.ChromeDriver
Capabilities {acceptInsecureCerts: false, browserName: chrome, browserVersion: 91.0.4472.114, chrome: {chromedriverVersion: 91.0.4472.101 (af52a90bf870..., userDataDir: C:\Users\SANTIA~1.ESP\AppDa...}, goog:chromeOptions: {debuggerAddress: localhost:57307}, javascriptEnabled: true, networkConnectionEnabled: false, pageLoadStrategy: normal, platform: WINDOWS, platformName: WINDOWS, proxy: Proxy(), setWindowRect: true, strictFileInteractability: false, timeouts: {implicit: 0, pageLoad: 300000, script: 30000}, unhandledPromptBehavior: dismiss and notify, webauthn:extension:largeBlob: true, webauthn:virtualAuthenticators: true}
Session ID: 9e9eade68b25e8b8a4c2d9c67272ad7b
*** Element info: {Using=xpath, value=23889}&#13;
	at net.serenitybdd.screenplay.ErrorTally.throwSummaryExceptionFrom(ErrorTally.java:36)&#13;
	at net.serenitybdd.screenplay.ErrorTally.reportAnyErrors(ErrorTally.java:30)&#13;
	at net.serenitybdd.screenplay.Actor.should(Actor.java:316)&#13;
	at com.sophos.semillero.stepdefinitions.ParaBankStepDefinitions.validaQueElNumeroDeCuentaEsteEnElResumenDeCuenta(ParaBankStepDefinitions.java:48)&#13;
	at âœ½.valida que el numero de cuenta(file:///C:/Users/santiago.espinal/Desktop/PankBank/ScTestJava/lib/src/test/resources/features/ParaBank.feature:7)&#13;
&#13;
</failure>
      </testcase>
    </testsuite>
  </testsuite>
</testrun>
