<?xml version="1.0" encoding="UTF-8"?><testsuite errors="1" failures="0" name="Probar agregar un animal al carrito" skipped="0" tests="1" time="46.04" timestamp="2021-07-07 10:45:36"><testcase name="Agregar un animal al carrito"><error message="no such element: Unable to locate element: {&quot;method&quot;:&quot;xpath&quot;,&quot;selector&quot;:&quot;//table//tr[1]//td[2]&quot;}&#10;  (Session info: chrome=91.0.4472.124)&#10;For documentation on this error, please visit: https://www.seleniumhq.org/exceptions/no_such_element.html&#10;Build info: version: '3.141.59', revision: 'e82be7d358', time: '2018-11-14T08:17:03'&#10;System info: host: 'SSBOG5CG1097QPX', ip: '192.168.100.94', os.name: 'Windows 10', os.arch: 'amd64', os.version: '10.0', java.version: '15.0.2'&#10;Driver info: org.openqa.selenium.chrome.ChromeDriver&#10;Capabilities {acceptInsecureCerts: false, browserName: chrome, browserVersion: 91.0.4472.124, chrome: {chromedriverVersion: 90.0.4430.24 (4c6d850f087da..., userDataDir: C:\Users\JUAN~1.BLA\AppData...}, goog:chromeOptions: {debuggerAddress: localhost:61265}, javascriptEnabled: true, networkConnectionEnabled: false, pageLoadStrategy: normal, platform: WINDOWS, platformName: WINDOWS, proxy: Proxy(), setWindowRect: true, strictFileInteractability: false, timeouts: {implicit: 0, pageLoad: 300000, script: 30000}, unhandledPromptBehavior: dismiss and notify, webauthn:extension:largeBlob: true, webauthn:virtualAuthenticators: true}&#10;Session ID: 181785afb6719c6e8f0658a1b965b54a&#10;*** Element info: {Using=xpath, value=//table//tr[1]//td[2]}" type="java.lang.AssertionError">no such element: Unable to locate element: {"method":"xpath","selector":"//table//tr[1]//td[2]"}
  (Session info: chrome=91.0.4472.124)
For documentation on this error, please visit: https://www.seleniumhq.org/exceptions/no_such_element.html
Build info: version: '3.141.59', revision: 'e82be7d358', time: '2018-11-14T08:17:03'
System info: host: 'SSBOG5CG1097QPX', ip: '192.168.100.94', os.name: 'Windows 10', os.arch: 'amd64', os.version: '10.0', java.version: '15.0.2'
Driver info: org.openqa.selenium.chrome.ChromeDriver
Capabilities {acceptInsecureCerts: false, browserName: chrome, browserVersion: 91.0.4472.124, chrome: {chromedriverVersion: 90.0.4430.24 (4c6d850f087da..., userDataDir: C:\Users\JUAN~1.BLA\AppData...}, goog:chromeOptions: {debuggerAddress: localhost:61265}, javascriptEnabled: true, networkConnectionEnabled: false, pageLoadStrategy: normal, platform: WINDOWS, platformName: WINDOWS, proxy: Proxy(), setWindowRect: true, strictFileInteractability: false, timeouts: {implicit: 0, pageLoad: 300000, script: 30000}, unhandledPromptBehavior: dismiss and notify, webauthn:extension:largeBlob: true, webauthn:virtualAuthenticators: true}
Session ID: 181785afb6719c6e8f0658a1b965b54a
*** Element info: {Using=xpath, value=//table//tr[1]//td[2]}</error><system-err>no such element: Unable to locate element: {"method":"xpath","selector":"//table//tr[1]//td[2]"}
  (Session info: chrome=91.0.4472.124)
For documentation on this error, please visit: https://www.seleniumhq.org/exceptions/no_such_element.html
Build info: version: '3.141.59', revision: 'e82be7d358', time: '2018-11-14T08:17:03'
System info: host: 'SSBOG5CG1097QPX', ip: '192.168.100.94', os.name: 'Windows 10', os.arch: 'amd64', os.version: '10.0', java.version: '15.0.2'
Driver info: org.openqa.selenium.chrome.ChromeDriver
Capabilities {acceptInsecureCerts: false, browserName: chrome, browserVersion: 91.0.4472.124, chrome: {chromedriverVersion: 90.0.4430.24 (4c6d850f087da..., userDataDir: C:\Users\JUAN~1.BLA\AppData...}, goog:chromeOptions: {debuggerAddress: localhost:61265}, javascriptEnabled: true, networkConnectionEnabled: false, pageLoadStrategy: normal, platform: WINDOWS, platformName: WINDOWS, proxy: Proxy(), setWindowRect: true, strictFileInteractability: false, timeouts: {implicit: 0, pageLoad: 300000, script: 30000}, unhandledPromptBehavior: dismiss and notify, webauthn:extension:largeBlob: true, webauthn:virtualAuthenticators: true}
Session ID: 181785afb6719c6e8f0658a1b965b54a
*** Element info: {Using=xpath, value=//table//tr[1]//td[2]}&#13;
com.sophossolutions.stepdefinitions.AddAnimalToCarStepDefinition.observarElAnimalSeleccionadoEnElCarrito(AddAnimalToCarStepDefinition.java:61)&#13;
âœ½.Observar el animal seleccionado en el carrito(file:///C:/Users/juan.blanco/Documents/semilleroTesting/SemilleroScreenPlayPractica/JPetStore/src/test/resources/com/sophossolutions/features/add_animal_to_car.feature:14)&#13;
</system-err></testcase></testsuite>